
=== Fri Sep 15 12:48:12 2023

Packages were changed.
Update Mode: mergeDefaultDependencies

The following packages were added:
  com.unity.modules.ai@1.0.0
  com.unity.modules.androidjni@1.0.0
  com.unity.modules.animation@1.0.0
  com.unity.modules.assetbundle@1.0.0
  com.unity.modules.audio@1.0.0
  com.unity.modules.cloth@1.0.0
  com.unity.modules.director@1.0.0
  com.unity.modules.imageconversion@1.0.0
  com.unity.modules.imgui@1.0.0
  com.unity.modules.jsonserialize@1.0.0
  com.unity.modules.particlesystem@1.0.0
  com.unity.modules.physics@1.0.0
  com.unity.modules.physics2d@1.0.0
  com.unity.modules.screencapture@1.0.0
  com.unity.modules.terrain@1.0.0
  com.unity.modules.terrainphysics@1.0.0
  com.unity.modules.tilemap@1.0.0
  com.unity.modules.ui@1.0.0
  com.unity.modules.uielements@1.0.0
  com.unity.modules.umbra@1.0.0
  com.unity.modules.unityanalytics@1.0.0
  com.unity.modules.unitywebrequest@1.0.0
  com.unity.modules.unitywebrequestassetbundle@1.0.0
  com.unity.modules.unitywebrequestaudio@1.0.0
  com.unity.modules.unitywebrequesttexture@1.0.0
  com.unity.modules.unitywebrequestwww@1.0.0
  com.unity.modules.vehicles@1.0.0
  com.unity.modules.video@1.0.0
  com.unity.modules.vr@1.0.0
  com.unity.modules.wind@1.0.0
  com.unity.modules.xr@1.0.0
The following packages were updated:
  com.unity.collab-proxy from version 1.15.12 to 2.0.7
  com.unity.feature.2d from version 1.0.0 to 2.0.0
  com.unity.ide.rider from version 3.0.12 to 3.0.24
  com.unity.ide.visualstudio from version 2.0.14 to 2.0.18
  com.unity.test-framework from version 1.1.30 to 1.1.33
  com.unity.timeline from version 1.6.3 to 1.7.5
  com.unity.visualscripting from version 1.7.7 to 1.9.0

=== Fri Sep 15 13:26:31 2023

Packages were changed.
Update Mode: updateDependencies

The following packages were updated:
  com.unity.ads from version 3.7.1 to 4.4.2
  com.unity.analytics from version 3.5.3 to 3.8.1
  com.unity.collab-proxy from version 1.3.9 to 2.0.7
  com.unity.ide.rider from version 3.0.6 to 3.0.24
  com.unity.ide.visualstudio from version 2.0.7 to 2.0.18
  com.unity.ide.vscode from version 1.2.3 to 1.2.5
  com.unity.purchasing from version 3.0.2 to 4.9.3
  com.unity.recorder from version 2.5.5 to 4.0.1
  com.unity.test-framework from version 1.1.24 to 1.1.33
  com.unity.testtools.codecoverage from version 1.0.0 to 1.2.4
  com.unity.textmeshpro from version 3.0.4 to 3.0.6
  com.unity.timeline from version 1.5.4 to 1.7.5
  com.unity.xr.legacyinputhelpers from version 2.1.7 to 2.1.10

=== Fri Sep 15 13:26:31 2023

Packages were changed.
Update Mode: mergeDefaultDependencies

The following packages were added:
  com.unity.2d.sprite@1.0.0
  com.unity.2d.tilemap@1.0.0
  com.unity.ads@4.4.2
  com.unity.analytics@3.8.1
  com.unity.purchasing@4.9.3
  com.unity.recorder@4.0.1
  com.unity.testtools.codecoverage@1.2.4
  com.unity.xr.legacyinputhelpers@2.1.10
